<?xml version="1.0" encoding="UTF-8"?>
<testng-results ignored="0" total="1" passed="1" failed="0" skipped="0">
  <reporter-output>
  </reporter-output>
  <suite started-at="2023-06-09T15:20:24 IST" name="Default suite" finished-at="2023-06-09T15:20:33 IST" duration-ms="8968">
    <groups>
    </groups>
    <test started-at="2023-06-09T15:20:24 IST" name="Default test" finished-at="2023-06-09T15:20:33 IST" duration-ms="8968">
      <class name="Grid.FlipkartTestNG">
        <test-method is-config="true" signature="setUp()[pri:0, instance:Grid.FlipkartTestNG@593aaf41]" started-at="2023-06-09T15:20:24 IST" name="setUp" finished-at="2023-06-09T15:20:26 IST" duration-ms="1765" status="PASS">
          <reporter-output>
          </reporter-output>
        </test-method> <!-- setUp -->
        <test-method signature="testMethod()[pri:0, instance:Grid.FlipkartTestNG@593aaf41]" started-at="2023-06-09T15:20:26 IST" name="testMethod" finished-at="2023-06-09T15:20:33 IST" duration-ms="6947" status="PASS">
          <reporter-output>
          </reporter-output>
        </test-method> <!-- testMethod -->
        <test-method is-config="true" signature="tearDown()[pri:0, instance:Grid.FlipkartTestNG@593aaf41]" started-at="2023-06-09T15:20:33 IST" name="tearDown" finished-at="2023-06-09T15:20:33 IST" duration-ms="229" status="PASS">
          <reporter-output>
          </reporter-output>
        </test-method> <!-- tearDown -->
      </class> <!-- Grid.FlipkartTestNG -->
    </test> <!-- Default test -->
  </suite> <!-- Default suite -->
</testng-results>
